[    0.000000] Linux version 4.15.0-212-generic (buildd@lcy02-amd64-083) (gcc version 7.5.0 (Ubuntu 7.5.0-3ubuntu1~18.04)) #223-Ubuntu SMP Tue May 23 13:09:22 UTC 2023 (Ubuntu 4.15.0-212.223-generic 4.15.18)
[    0.000000] Command line: BOOT_IMAGE=/boot/vmlinuz-4.15.0-212-generic root=LABEL=cloudimg-rootfs ro console=tty1 console=ttyS0
[    0.000000] KERNEL supported cpus:
[    0.000000]   Intel GenuineIntel
[    0.000000]   AMD AuthenticAMD
[    0.000000]   Centaur CentaurHauls
[    0.000000] x86/fpu: x87 FPU will use FXSAVE
[    0.000000] e820: BIOS-provided physical RAM map:
[    0.000000] BIOS-e820: [mem 0x0000000000000000-0x000000000009fbff] usable
[    0.000000] BIOS-e820: [mem 0x000000000009fc00-0x000000000009ffff] reserved
[    0.000000] BIOS-e820: [mem 0x00000000000f0000-0x00000000000fffff] reserved
[    0.000000] BIOS-e820: [mem 0x0000000000100000-0x000000003ffeffff] usable
[    0.000000] BIOS-e820: [mem 0x000000003fff0000-0x000000003fffffff] ACPI data
[    0.000000] BIOS-e820: [mem 0x00000000fec00000-0x00000000fec00fff] reserved
[    0.000000] BIOS-e820: [mem 0x00000000fee00000-0x00000000fee00fff] reserved
[    0.000000] BIOS-e820: [mem 0x00000000fffc0000-0x00000000ffffffff] reserved
[    0.000000] NX (Execute Disable) protection: active
[    0.000000] SMBIOS 2.5 present.
[    0.000000] DMI: innotek GmbH VirtualBox/VirtualBox, BIOS VirtualBox 12/01/2006
[    0.000000] Hypervisor detected: KVM
[    0.000000] e820: last_pfn = 0x3fff0 max_arch_pfn = 0x400000000
[    0.000000] x86/PAT: Configuration [0-7]: WB  WC  UC- UC  WB  WP  UC- WT  
[    0.000000] CPU MTRRs all blank - virtualized system.
[    0.000000] found SMP MP-table at [mem 0x0009fbf0-0x0009fbff]
[    0.000000] Scanning 1 areas for low memory corruption
[    0.000000] RAMDISK: [mem 0x359cb000-0x36cdcfff]
[    0.000000] ACPI: Early table checksum verification disabled
[    0.000000] ACPI: RSDP 0x00000000000E0000 000024 (v02 VBOX  )
[    0.000000] ACPI: XSDT 0x000000003FFF0030 00003C (v01 VBOX   VBOXXSDT 00000001 ASL  00000061)
[    0.000000] ACPI: FACP 0x000000003FFF00F0 0000F4 (v04 VBOX   VBOXFACP 00000001 ASL  00000061)
[    0.000000] ACPI: DSDT 0x000000003FFF0610 002353 (v02 VBOX   VBOXBIOS 00000002 INTL 20100528)
[    0.000000] ACPI: FACS 0x000000003FFF0200 000040
[    0.000000] ACPI: FACS 0x000000003FFF0200 000040
[    0.000000] ACPI: APIC 0x000000003FFF0240 00005C (v02 VBOX   VBOXAPIC 00000001 ASL  00000061)
[    0.000000] ACPI: SSDT 0x000000003FFF02A0 00036C (v01 VBOX   VBOXCPUT 00000002 INTL 20100528)
[    0.000000] ACPI: Reserving FACP table memory at [mem 0x3fff00f0-0x3fff01e3]
[    0.000000] ACPI: Reserving DSDT table memory at [mem 0x3fff0610-0x3fff2962]
[    0.000000] ACPI: Reserving FACS table memory at [mem 0x3fff0200-0x3fff023f]
[    0.000000] ACPI: Reserving FACS table memory at [mem 0x3fff0200-0x3fff023f]
[    0.000000] ACPI: Reserving APIC table memory at [mem 0x3fff0240-0x3fff029b]
[    0.000000] ACPI: Reserving SSDT table memory at [mem 0x3fff02a0-0x3fff060b]
[    0.000000] No NUMA configuration found
[    0.000000] Faking a node at [mem 0x0000000000000000-0x000000003ffeffff]
[    0.000000] NODE_DATA(0) allocated [mem 0x3ffc5000-0x3ffeffff]
[    0.000000] kvm-clock: cpu 0, msr 0:3ff44001, primary cpu clock
[    0.000000] kvm-clock: Using msrs 4b564d01 and 4b564d00
[    0.000000] kvm-clock: using sched offset of 6945523496 cycles
[    0.000000] clocksource: kvm-clock: mask: 0xffffffffffffffff max_cycles: 0x1cd42e4dffb, max_idle_ns: 881590591483 ns
[    0.000000] Zone ranges:
[    0.000000]   DMA      [mem 0x0000000000001000-0x0000000000ffffff]
[    0.000000]   DMA32    [mem 0x0000000001000000-0x000000003ffeffff]
[    0.000000]   Normal   empty
[    0.000000]   Device   empty
[    0.000000] Movable zone start for each node
[    0.000000] Early memory node ranges
[    0.000000]   node   0: [mem 0x0000000000001000-0x000000000009efff]
[    0.000000]   node   0: [mem 0x0000000000100000-0x000000003ffeffff]
[    0.000000] Reserved but unavailable: 104 pages
[    0.000000] Initmem setup node 0 [mem 0x0000000000001000-0x000000003ffeffff]
[    0.000000] ACPI: PM-Timer IO Port: 0x4008
[    0.000000] IOAPIC[0]: apic_id 2, version 32, address 0xfec00000, GSI 0-23
[    0.000000] ACPI: INT_SRC_OVR (bus 0 bus_irq 0 global_irq 2 dfl dfl)
[    0.000000] ACPI: INT_SRC_OVR (bus 0 bus_irq 9 global_irq 9 low level)
[    0.000000] Using ACPI (MADT) for SMP configuration information
[    0.000000] smpboot: Allowing 2 CPUs, 0 hotplug CPUs
[    0.000000] PM: Registered nosave memory: [mem 0x00000000-0x00000fff]
[    0.000000] PM: Registered nosave memory: [mem 0x0009f000-0x0009ffff]
[    0.000000] PM: Registered nosave memory: [mem 0x000a0000-0x000effff]
[    0.000000] PM: Registered nosave memory: [mem 0x000f0000-0x000fffff]
[    0.000000] e820: [mem 0x40000000-0xfebfffff] available for PCI devices
[    0.000000] Booting paravirtualized kernel on KVM
[    0.000000] clocksource: refined-jiffies: mask: 0xffffffff max_cycles: 0xffffffff, max_idle_ns: 7645519600211568 ns
[    0.000000] setup_percpu: NR_CPUS:8192 nr_cpumask_bits:2 nr_cpu_ids:2 nr_node_ids:1
[    0.000000] percpu: Embedded 50 pages/cpu s167936 r8192 d28672 u1048576
[    0.000000] PV qspinlock hash table entries: 256 (order: 0, 4096 bytes)
[    0.000000] Built 1 zonelists, mobility grouping on.  Total pages: 257913
[    0.000000] Policy zone: DMA32
[    0.000000] Kernel command line: BOOT_IMAGE=/boot/vmlinuz-4.15.0-212-generic root=LABEL=cloudimg-rootfs ro console=tty1 console=ttyS0
[    0.000000] Memory: 982644K/1048120K available (12300K kernel code, 2477K rwdata, 4324K rodata, 2480K init, 2720K bss, 65476K reserved, 0K cma-reserved)
[    0.000000] SLUB: HWalign=64, Order=0-3, MinObjects=0, CPUs=2, Nodes=1
[    0.000000] ftrace: allocating 39508 entries in 155 pages
[    0.004000] Hierarchical RCU implementation.
[    0.004000] 	RCU restricting CPUs from NR_CPUS=8192 to nr_cpu_ids=2.
[    0.004000] 	Tasks RCU enabled.
[    0.004000] RCU: Adjusting geometry for rcu_fanout_leaf=16, nr_cpu_ids=2
[    0.004000] NR_IRQS: 524544, nr_irqs: 440, preallocated irqs: 16
[    0.004000] random: crng init done
[    0.004000] Console: colour VGA+ 80x25
[    0.004000] console [tty1] enabled
[    0.004000] console [ttyS0] enabled
[    0.004000] ACPI: Core revision 20170831
[    0.004000] ACPI: 2 ACPI AML tables successfully acquired and loaded
[    0.004000] APIC: Switch to symmetric I/O mode setup
[    0.004000] ..TIMER: vector=0x30 apic1=0 pin1=2 apic2=-1 pin2=-1
[    0.004019] tsc: Detected 2419.200 MHz processor
[    0.008031] Calibrating delay loop (skipped) preset value.. 4838.40 BogoMIPS (lpj=9676800)
[    0.012020] pid_max: default: 32768 minimum: 301
[    0.016357] Security Framework initialized
[    0.020022] Yama: becoming mindful.
[    0.024438] AppArmor: AppArmor initialized
[    0.060097] Dentry cache hash table entries: 131072 (order: 8, 1048576 bytes)
[    0.074553] Inode-cache hash table entries: 65536 (order: 7, 524288 bytes)
[    0.076408] Mount-cache hash table entries: 2048 (order: 2, 16384 bytes)
[    0.080376] Mountpoint-cache hash table entries: 2048 (order: 2, 16384 bytes)
[    0.100903] Last level iTLB entries: 4KB 0, 2MB 0, 4MB 0
[    0.104012] Last level dTLB entries: 4KB 0, 2MB 0, 4MB 0, 1GB 0
[    0.108022] Spectre V1 : Mitigation: usercopy/swapgs barriers and __user pointer sanitization
[    0.112021] Spectre V2 : Mitigation: Enhanced IBRS
[    0.116012] Spectre V2 : Spectre v2 / SpectreRSB mitigation: Filling RSB on context switch
[    0.120010] Spectre V2 : Spectre v2 / PBRSB-eIBRS: Retire a single CALL on VMEXIT
[    0.124016] RETBleed: Mitigation: Enhanced IBRS
[    0.132005] Speculative Store Bypass: Vulnerable
[    0.136222] Freeing SMP alternatives memory: 36K
[    0.264410] APIC calibration not consistent with PM-Timer: 101ms instead of 100ms
[    0.268000] APIC delta adjusted to PM-Timer: 6423148 (6515040)
[    0.273623] smpboot: CPU0: 13th Gen Intel(R) Core(TM) i9-13950HX (family: 0x6, model: 0xb7, stepping: 0x1)
[    0.281458] Performance Events: unsupported p6 CPU model 183 no PMU driver, software events only.
[    0.284814] Hierarchical SRCU implementation.
[    0.292117] NMI watchdog: Perf event create on CPU 0 failed with -2
[    0.296016] NMI watchdog: Perf NMI watchdog permanently disabled
[    0.304063] smp: Bringing up secondary CPUs ...
[    0.318723] x86: Booting SMP configuration:
[    0.320483] .... node  #0, CPUs:      #1
[    0.004000] kvm-clock: cpu 1, msr 0:3ff44041, secondary cpu clock
[    0.370171] TSC synchronization [CPU#0 -> CPU#1]:
[    0.372000] Measured 38434 cycles TSC warp between CPUs, turning off TSC clock.
[    0.372000] tsc: Marking TSC unstable due to check_tsc_sync_source failed
[    0.380017] smp: Brought up 1 node, 2 CPUs
[    0.384022] smpboot: Max logical packages: 1
[    0.388018] smpboot: Total of 2 processors activated (9676.80 BogoMIPS)
[    0.404020] devtmpfs: initialized
[    0.408407] x86/mm: Memory block size: 128MB
[    0.417316] evm: security.selinux
[    0.420015] evm: security.SMACK64
[    0.424012] evm: security.SMACK64EXEC
[    0.428012] evm: security.SMACK64TRANSMUTE
[    0.432014] evm: security.SMACK64MMAP
[    0.436012] evm: security.apparmor
[    0.440017] evm: security.ima
[    0.444012] evm: security.capability
[    0.456602] clocksource: jiffies: mask: 0xffffffff max_cycles: 0xffffffff, max_idle_ns: 7645041785100000 ns
[    0.460037] futex hash table entries: 512 (order: 3, 32768 bytes)
[    0.465038] pinctrl core: initialized pinctrl subsystem
[    0.472949] RTC time:  8:22:37, date: 08/10/25
[    0.488258] NET: Registered protocol family 16
[    0.492548] audit: initializing netlink subsys (disabled)
[    0.496388] audit: type=2000 audit(1754814161.982:1): state=initialized audit_enabled=0 res=1
[    0.532024] cpuidle: using governor ladder
[    0.540045] cpuidle: using governor menu
[    0.544081] ACPI: bus type PCI registered
[    0.548015] acpiphp: ACPI Hot Plug PCI Controller Driver version: 0.5
[    0.556000] PCI: Using configuration type 1 for base access
[    0.574129] HugeTLB registered 2.00 MiB page size, pre-allocated 0 pages
[    0.593105] ACPI: Added _OSI(Module Device)
[    0.596016] ACPI: Added _OSI(Processor Device)
[    0.600015] ACPI: Added _OSI(3.0 _SCP Extensions)
[    0.604017] ACPI: Added _OSI(Processor Aggregator Device)
[    0.608018] ACPI: Added _OSI(Linux-Dell-Video)
[    0.612022] ACPI: Added _OSI(Linux-Lenovo-NV-HDMI-Audio)
[    0.616021] ACPI: Added _OSI(Linux-HPI-Hybrid-Graphics)
[    0.626885] ACPI: Executed 1 blocks of module-level executable AML code
[    0.647395] ACPI: Interpreter enabled
[    0.648056] ACPI: (supports S0 S5)
[    0.652008] ACPI: Using IOAPIC for interrupt routing
[    0.657770] PCI: Using host bridge windows from ACPI; if necessary, use "pci=nocrs" and report a bug
[    0.661287] ACPI: Enabled 2 GPEs in block 00 to 07
[    0.710422] ACPI: PCI Root Bridge [PCI0] (domain 0000 [bus 00-ff])
[    0.712030] acpi PNP0A03:00: _OSC: OS supports [ASPM ClockPM Segments MSI]
[    0.723158] acpi PNP0A03:00: _OSC: not requesting OS control; OS requires [ExtendedConfig ASPM ClockPM MSI]
[    0.724026] acpi PNP0A03:00: fail to add MMCONFIG information, can't access extended PCI configuration space under this bridge.
[    0.732457] PCI host bridge to bus 0000:00
[    0.736026] pci_bus 0000:00: root bus resource [io  0x0000-0x0cf7 window]
[    0.740019] pci_bus 0000:00: root bus resource [io  0x0d00-0xffff window]
[    0.744024] pci_bus 0000:00: root bus resource [mem 0x000a0000-0x000bffff window]
[    0.748017] pci_bus 0000:00: root bus resource [mem 0x40000000-0xfdffffff window]
[    0.752020] pci_bus 0000:00: root bus resource [bus 00-ff]
[    0.793953] pci 0000:00:01.1: legacy IDE quirk: reg 0x10: [io  0x01f0-0x01f7]
[    0.796018] pci 0000:00:01.1: legacy IDE quirk: reg 0x14: [io  0x03f6]
[    0.800015] pci 0000:00:01.1: legacy IDE quirk: reg 0x18: [io  0x0170-0x0177]
[    0.804021] pci 0000:00:01.1: legacy IDE quirk: reg 0x1c: [io  0x0376]
[    0.909544] pci 0000:00:07.0: quirk: [io  0x4000-0x403f] claimed by PIIX4 ACPI
[    0.912048] pci 0000:00:07.0: quirk: [io  0x4100-0x410f] claimed by PIIX4 SMB
[    0.953346] ACPI: PCI Interrupt Link [LNKA] (IRQs 5 9 10 *11)
[    0.960715] ACPI: PCI Interrupt Link [LNKB] (IRQs 5 9 *10 11)
[    0.965937] ACPI: PCI Interrupt Link [LNKC] (IRQs 5 *9 10 11)
[    0.972531] ACPI: PCI Interrupt Link [LNKD] (IRQs 5 9 10 *11)
[    0.982426] SCSI subsystem initialized
[    0.992217] pci 0000:00:02.0: vgaarb: setting as boot VGA device
[    0.996000] pci 0000:00:02.0: vgaarb: VGA device added: decodes=io+mem,owns=io+mem,locks=none
[    1.000025] pci 0000:00:02.0: vgaarb: bridge control possible
[    1.004011] vgaarb: loaded
[    1.008393] ACPI: bus type USB registered
[    1.012031] usbcore: registered new interface driver usbfs
[    1.016147] usbcore: registered new interface driver hub
[    1.020050] usbcore: registered new device driver usb
[    1.028946] EDAC MC: Ver: 3.0.0
[    1.044365] PCI: Using ACPI for IRQ routing
[    1.083421] NetLabel: Initializing
[    1.108008] NetLabel:  domain hash size = 128
[    1.148012] NetLabel:  protocols = UNLABELED CIPSOv4 CALIPSO
[    1.192080] NetLabel:  unlabeled traffic allowed by default
[    1.248445] clocksource: Switched to clocksource kvm-clock
[    1.523209] VFS: Disk quotas dquot_6.6.0
[    1.545079] VFS: Dquot-cache hash table entries: 512 (order 0, 4096 bytes)
[    1.580095] AppArmor: AppArmor Filesystem Enabled
[    1.604084] pnp: PnP ACPI init
[    1.625054] pnp: PnP ACPI: found 3 devices
[    1.818979] clocksource: acpi_pm: mask: 0xffffff max_cycles: 0xffffff, max_idle_ns: 2085701024 ns
[    1.820703] NET: Registered protocol family 2
[    1.820703] IP idents hash table entries: 16384 (order: 5, 131072 bytes)
[    1.890990] TCP established hash table entries: 8192 (order: 4, 65536 bytes)
[    1.897438] TCP bind hash table entries: 8192 (order: 5, 131072 bytes)
[    1.900950] TCP: Hash tables configured (established 8192 bind 8192)
[    1.900950] UDP hash table entries: 512 (order: 2, 16384 bytes)
[    1.900950] UDP-Lite hash table entries: 512 (order: 2, 16384 bytes)
[    1.900950] NET: Registered protocol family 1
[    1.900950] pci 0000:00:00.0: Limiting direct PCI/PCI transfers
[    1.900950] pci 0000:00:01.0: Activating ISA DMA hang workarounds
[    1.900950] pci 0000:00:02.0: Video device with shadowed ROM at [mem 0x000c0000-0x000dffff]
[    1.900950] Unpacking initramfs...
[    4.437264] Freeing initrd memory: 19528K
[    4.453432] clocksource: tsc: mask: 0xffffffffffffffff max_cycles: 0x22df1149949, max_idle_ns: 440795312789 ns
[    4.497608] platform rtc_cmos: registered platform RTC device (no PNP device found)
[    4.527973] Scanning for low memory corruption every 60 seconds
[    4.565758] Initialise system trusted keyrings
[    4.587116] Key type blacklist registered
[    4.607031] workingset: timestamp_bits=36 max_order=18 bucket_order=0
[    4.647751] zbud: loaded
[    4.666650] squashfs: version 4.0 (2009/01/31) Phillip Lougher
[    4.693688] fuse init (API version 7.26)
[    4.842813] Key type asymmetric registered
[    4.861069] Asymmetric key parser 'x509' registered
[    4.882525] Block layer SCSI generic (bsg) driver version 0.4 loaded (major 246)
[    4.919005] io scheduler noop registered
[    4.939375] io scheduler deadline registered
[    4.958213] io scheduler cfq registered (default)
[    4.983880] ACPI: AC Adapter [AC] (on-line)
[    5.006419] input: Power Button as /devices/LNXSYSTM:00/LNXPWRBN:00/input/input0
[    5.048419] ACPI: Power Button [PWRF]
[    5.066481] input: Sleep Button as /devices/LNXSYSTM:00/LNXSLPBN:00/input/input1
[    5.097936] ACPI: Sleep Button [SLPF]
[    5.125227] Serial: 8250/16550 driver, 32 ports, IRQ sharing enabled
[    5.133508] ACPI: Battery Slot [BAT0] (battery present)
[    5.228745] 00:02: ttyS0 at I/O 0x3f8 (irq = 4, base_baud = 115200) is a 16550A
[    5.351881] Linux agpgart interface v0.103
[    5.420965] loop: module loaded
[    5.447305] scsi host0: ata_piix
[    5.464186] scsi host1: ata_piix
[    5.479032] ata1: PATA max UDMA/33 cmd 0x1f0 ctl 0x3f6 bmdma 0xd000 irq 14
[    5.510712] ata2: PATA max UDMA/33 cmd 0x170 ctl 0x376 bmdma 0xd008 irq 15
[    5.537268] tun: Universal TUN/TAP device driver, 1.6
[    5.560035] PPP generic driver version 2.4.2
[    5.581390] ehci_hcd: USB 2.0 'Enhanced' Host Controller (EHCI) Driver
[    5.612915] ehci-pci: EHCI PCI platform driver
[    5.631561] ehci-platform: EHCI generic platform driver
[    5.653329] ohci_hcd: USB 1.1 'Open' Host Controller (OHCI) Driver
[    5.676609] ohci-pci: OHCI PCI platform driver
[    5.695172] ohci-platform: OHCI generic platform driver
[    5.720985] uhci_hcd: USB Universal Host Controller Interface driver
[    5.743668] i8042: PNP: PS/2 Controller [PNP0303:PS2K,PNP0f03:PS2M] at 0x60,0x64 irq 1,12
[    5.797310] serio: i8042 KBD port at 0x60,0x64 irq 1
[    5.821150] serio: i8042 AUX port at 0x60,0x64 irq 12
[    5.899402] mousedev: PS/2 mouse device common for all mice
[    5.934731] rtc_cmos rtc_cmos: rtc core: registered rtc_cmos as rtc0
[    5.965357] rtc_cmos rtc_cmos: alarms up to one day, 114 bytes nvram
[    5.993307] input: AT Translated Set 2 keyboard as /devices/platform/i8042/serio0/input/input2
[    5.996340] i2c /dev entries driver
[    5.996340] device-mapper: uevent: version 1.0.3
[    5.996340] device-mapper: ioctl: 4.37.0-ioctl (2017-09-20) initialised: dm-devel@redhat.com
[    6.103673] ledtrig-cpu: registered to indicate activity on CPUs
[    6.151374] NET: Registered protocol family 10
[    6.238351] Segment Routing with IPv6
[    6.257852] NET: Registered protocol family 17
[    6.282299] Key type dns_resolver registered
[    6.304413] mce: Using 0 MCE banks
[    6.320718] RAS: Correctable Errors collector initialized.
[    6.342149] sched_clock: Marking stable (6341890481, 0)->(11049343006, -4707452525)
[    6.387773] registered taskstats version 1
[    6.404736] Loading compiled-in X.509 certificates
[    6.447382] Loaded X.509 cert 'Build time autogenerated kernel key: b5b26778eaa3ab3a4a6cee031137706e947d12ad'
[    6.497154] Loaded X.509 cert 'Canonical Ltd. Live Patch Signing: 14df34d1a87cf37625abec039ef2bf521249b969'
[    6.538641] Loaded X.509 cert 'Canonical Ltd. Kernel Module Signing: 88f752e560a1e0737e31163a466ad7b70a850c19'
[    6.582821] blacklist: Loading compiled-in revocation X.509 certificates
[    6.615321] Loaded X.509 cert 'Canonical Ltd. Secure Boot Signing: 61482aa2830d0ab2ad5af10b7250da9033ddcef0'
[    6.659545] Loaded X.509 cert 'Canonical Ltd. Secure Boot Signing (2017): 242ade75ac4a15e50d50c84b0d45ff3eae707a03'
[    6.709308] Loaded X.509 cert 'Canonical Ltd. Secure Boot Signing (ESM 2018): 365188c1d374d6b07c3c8f240f8ef722433d6a8b'
[    6.725818] Loaded X.509 cert 'Canonical Ltd. Secure Boot Signing (2019): c0746fd6c5da3ae827864651ad66ae47fe24b3e8'
[    6.736991] Loaded X.509 cert 'Canonical Ltd. Secure Boot Signing (2021 v1): a8d54bbb3825cfb94fa13c9f8a594a195c107b8d'
[    6.778260] Loaded X.509 cert 'Canonical Ltd. Secure Boot Signing (2021 v2): 4cf046892d6fd3c9a5b03f98d845f90851dc6a8c'
[    6.824729] Loaded X.509 cert 'Canonical Ltd. Secure Boot Signing (2021 v3): 100437bb6de6e469b581e61cd66bce3ef4ed53af'
[    6.868990] Loaded X.509 cert 'Canonical Ltd. Secure Boot Signing (Ubuntu Core 2019): c1d57b8f6b743f23ee41f4f7ee292f06eecadfb9'
[    6.919793] zswap: loaded using pool lzo/zbud
[    7.006705] Key type big_key registered
[    7.027708] Key type trusted registered
[    7.081770] Key type encrypted registered
[    7.101869] AppArmor: AppArmor sha1 policy hashing enabled
[    7.126552] ima: No TPM chip found, activating TPM-bypass! (rc=-19)
[    7.158606] ima: Allocated hash algorithm: sha1
[    7.185997] evm: HMAC attrs: 0x1
[    7.206412]   Magic number: 5:433:371
[    7.227584] rtc_cmos rtc_cmos: setting system clock to 2025-08-10 08:22:44 UTC (1754814164)
[    7.265150] BIOS EDD facility v0.16 2004-Jun-25, 0 devices found
[    7.297416] EDD information not available.
[    7.327892] Freeing unused kernel image memory: 2480K
[    8.477184] Write protecting the kernel read-only data: 20480k
[    8.482410] Freeing unused kernel image memory: 2008K
[    8.500626] Freeing unused kernel image memory: 1820K
[    8.532745] x86/mm: Checked W+X mappings: passed, no W+X pages found.
Loading, please wait...
starting version 237
[    8.928749] e1000: Intel(R) PRO/1000 Network Driver - version 7.3.21-k8-NAPI
[    8.969046] e1000: Copyright (c) 1999-2006 Intel Corporation.
[    9.073037] Fusion MPT base driver 3.04.20
[    9.089658] Copyright (c) 1999-2008 LSI Corporation
[    9.272024] Fusion MPT SPI Host driver 3.04.20
[    9.298126] SSE version of gcm_enc/dec engaged.
[    9.467085] input: ImExPS/2 Generic Explorer Mouse as /devices/platform/i8042/serio1/input/input4
[   11.506977] e1000 0000:00:03.0 eth0: (PCI:33MHz:32-bit) 02:3b:7b:b7:3b:2d
[   11.536952] e1000 0000:00:03.0 eth0: Intel(R) PRO/1000 Network Connection
[   11.581925] e1000 0000:00:03.0 enp0s3: renamed from eth0
[   11.606149] mptbase: ioc0: Initiating bringup
[   11.753347] ioc0: LSI53C1030 A0: Capabilities={Initiator}
[   12.027041] scsi host2: ioc0: LSI53C1030 A0, FwRev=00000000h, Ports=1, MaxQ=256, IRQ=20
[   12.202857] scsi 2:0:0:0: Direct-Access     VBOX     HARDDISK         1.0  PQ: 0 ANSI: 5
[   12.458848] scsi target2:0:0: Beginning Domain Validation
[   12.487827] scsi target2:0:0: Domain Validation skipping write tests
[   12.504628] scsi target2:0:0: Ending Domain Validation
[   12.525477] scsi target2:0:0: asynchronous
[   12.550117] scsi 2:0:1:0: Direct-Access     VBOX     HARDDISK         1.0  PQ: 0 ANSI: 5
[   12.724629] scsi target2:0:1: Beginning Domain Validation
[   12.760496] scsi target2:0:1: Domain Validation skipping write tests
[   12.783457] scsi target2:0:1: Ending Domain Validation
[   12.808148] scsi target2:0:1: asynchronous
[   12.873784] sd 2:0:0:0: Attached scsi generic sg0 type 0
[   12.898365] sd 2:0:0:0: [sda] 83886080 512-byte logical blocks: (42.9 GB/40.0 GiB)
[   12.902646] sd 2:0:1:0: Attached scsi generic sg1 type 0
[   12.932559] sd 2:0:0:0: [sda] Write Protect is off
[   12.986779] sd 2:0:0:0: [sda] Incomplete mode parameter data
[   13.010661] sd 2:0:0:0: [sda] Assuming drive cache: write through
[   13.011024] sd 2:0:1:0: [sdb] 20480 512-byte logical blocks: (10.5 MB/10.0 MiB)
[   13.069669] sd 2:0:1:0: [sdb] Write Protect is off
[   13.096662] sd 2:0:1:0: [sdb] Incomplete mode parameter data
[   13.125312] sd 2:0:1:0: [sdb] Assuming drive cache: write through
[   13.169964]  sda: sda1
[   13.187383] sd 2:0:1:0: [sdb] Attached SCSI disk
[   13.222752] sd 2:0:0:0: [sda] Attached SCSI disk
Begin: Loading essential drivers ... [   17.319176] raid6: sse2x1   gen()  4113 MB/s
[   17.384396] raid6: sse2x1   xor()  2183 MB/s
[   17.448353] raid6: sse2x2   gen()  4208 MB/s
[   17.512829] raid6: sse2x2   xor()  2669 MB/s
[   17.576848] raid6: sse2x4   gen()  5042 MB/s
[   17.646078] raid6: sse2x4   xor()  2849 MB/s
[   17.668224] raid6: using algorithm sse2x4 gen() 5042 MB/s
[   17.692135] raid6: .... xor() 2849 MB/s, rmw enabled
[   17.717078] raid6: using ssse3x2 recovery algorithm
[   17.754324] xor: measuring software checksum speed
[  338.312128] INFO: rcu_sched self-detected stall on CPU
[  338.312474] INFO: rcu_sched detected stalls on CPUs/tasks:
[  338.334219] 	1-...!: (3 ticks this GP) idle=eda/140000000000001/0 softirq=1190/1190 fqs=2 
[  338.386036] 	1-...!: (3 ticks this GP) idle=eda/140000000000001/0 softirq=1190/1190 fqs=2 
[  338.388536] 	 (t=80139 jiffies g=75 c=74 q=12)
[  338.417390] 	(detected by 0, t=80139 jiffies, g=75, c=74, q=12)
[  338.438326] rcu_sched kthread starved for 80129 jiffies! g75 c74 f0x0 RCU_GP_WAIT_FQS(3) ->state=0x402 ->cpu=0
[  338.454669] Sending NMI from CPU 0 to CPUs 1:
[  338.455831] NMI backtrace for cpu 1
[  338.455833] CPU: 1 PID: 281 Comm: modprobe Not tainted 4.15.0-212-generic #223-Ubuntu
[  338.455833] Hardware name: innotek GmbH VirtualBox/VirtualBox, BIOS VirtualBox 12/01/2006
[  338.455834] RIP: 0010:io_serial_out+0x1a/0x20
[  338.455834] RSP: 0018:ffff9f31ffd03c50 EFLAGS: 00010006
[  338.455835] RAX: 0000000000000000 RBX: 0000000000000001 RCX: 0000000000000000
[  338.455835] RDX: 00000000000003f9 RSI: 0000000000000001 RDI: ffffffff8f716e60
[  338.455836] RBP: ffff9f31ffd03c50 R08: 0000000000000000 R09: 0000000000000007
[  338.455836] R10: 0000000000000000 R11: ffffffff8f56a80d R12: 0000000000000005
[  338.455836] R13: ffffffff8f56a800 R14: 0000000000000072 R15: ffffffff8f716e60
[  338.455837] FS:  00007f4769ad2540(0000) GS:ffff9f31ffd00000(0000) knlGS:0000000000000000
[  338.455837] CS:  0010 DS: 0000 ES: 0000 CR0: 0000000080050033
[  338.455838] CR2: 00007f8877c305a0 CR3: 0000000036648001 CR4: 00000000000206e0
[  338.455838] Call Trace:
[  338.455838]  <IRQ>
[  338.455838]  serial8250_console_write+0x184/0x2a0
[  338.455839]  ? print_prefix+0x174/0x1a0
[  338.455839]  ? msg_print_text+0x80/0x100
[  338.455839]  univ8250_console_write+0x21/0x30
[  338.455840]  console_unlock+0x3cf/0x560
[  338.455840]  vprintk_emit+0x134/0x2c0
[  338.455840]  vprintk_default+0x29/0x50
[  338.455841]  vprintk_func+0x47/0xc0
[  338.455841]  printk+0x52/0x6e
[  338.455841]  rcu_check_gp_kthread_starvation+0x98/0xc0
[  338.455842]  rcu_check_callbacks+0x6c5/0x8e0
[  338.455842]  ? tick_sched_do_timer+0x50/0x50
[  338.455842]  update_process_times+0x2f/0x60
[  338.455843]  tick_sched_handle+0x26/0x70
[  338.455843]  ? tick_sched_do_timer+0x42/0x50
[  338.455843]  tick_sched_timer+0x39/0x80
[  338.455844]  __hrtimer_run_queues+0xdf/0x230
[  338.455844]  hrtimer_interrupt+0x97/0x180
[  338.455844]  smp_apic_timer_interrupt+0x6f/0x140
[  338.455845]  apic_timer_interrupt+0x90/0xa0
[  338.455845]  </IRQ>
[  338.455845] RIP: 0010:__kernel_fpu_end+0x75/0x80
[  338.455845] RSP: 0018:ffffbd6b003d7bb0 EFLAGS: 00010202 ORIG_RAX: ffffffffffffff11
[  338.455846] RAX: 0000000000000000 RBX: 0000000000000010 RCX: ffff9f31f6be4140
[  338.455847] RDX: ffff9f31f696c000 RSI: ffff9f31f6969000 RDI: ffff9f31f6be5500
[  338.455847] RBP: ffffbd6b003d7bc0 R08: ffffffffc03ac680 R09: 0000000000000000
[  338.455847] R10: 0000000000000001 R11: ffffffff8e13a270 R12: ffff9f31f6968000
[  338.455848] R13: ffff9f31f696b000 R14: 0000000000000005 R15: 00000000fffeec68
[  338.455848]  ? vga_set_palette+0x180/0x180
[  338.455848]  ? xor_sse_3_pf64+0x260/0x260 [xor]
[  338.455849]  kernel_fpu_end+0xe/0x10
[  338.455849]  xor_sse_2_pf64+0x199/0x1a0 [xor]
[  338.455849]  do_xor_speed+0x7d/0xc9 [xor]
[  338.455850]  calibrate_xor_blocks+0xc3/0xf37 [xor]
[  338.455850]  ? do_xor_speed+0xc9/0xc9 [xor]
[  338.455850]  do_one_initcall+0x52/0x1b0
[  338.455851]  ? _cond_resched+0x19/0x40
[  338.455851]  ? kmem_cache_alloc_trace+0x167/0x1d0
[  338.455851]  ? do_init_module+0x27/0x1f2
[  338.455852]  do_init_module+0x4f/0x1f2
[  338.455852]  load_module+0x1aa7/0x1fd0
[  338.455852]  ? ima_post_read_file+0x96/0xa0
[  338.455853]  SYSC_finit_module+0xfc/0x120
[  338.455853]  ? SYSC_finit_module+0xfc/0x120
[  338.455853]  SyS_finit_module+0xe/0x10
[  338.455854]  do_syscall_64+0x73/0x130
[  338.455854]  entry_SYSCALL_64_after_hwframe+0x59/0xbe
[  338.455854] RIP: 0033:0x7f47695d5539
[  338.455854] RSP: 002b:00007ffdb1636908 EFLAGS: 00000246 ORIG_RAX: 0000000000000139
[  338.455855] RAX: ffffffffffffffda RBX: 0000557c9b2e4700 RCX: 00007f47695d5539
[  338.455856] RDX: 0000000000000000 RSI: 0000557c99f27cee RDI: 0000000000000005
[  338.455856] RBP: 0000557c99f27cee R08: 0000000000000000 R09: 0000557c9b2e3e00
[  338.455856] R10: 0000000000000005 R11: 0000000000000246 R12: 0000000000000000
[  338.455857] R13: 0000557c9b2eb630 R14: 0000000000060000 R15: 0000557c9b2e3e00
[  338.455857] Code: 55 48 89 e5 d3 e6 01 f2 ec 0f b6 c0 5d c3 0f 1f 00 0f 1f 44 00 00 0f b6 8f a1 00 00 00 89 d0 8b 57 08 55 48 89 e5 d3 e6 01 f2 ee <5d> c3 0f 1f 40 00 0f 1f 44 00 00 0f b6 87 a2 00 00 00 55 48 c7 
[  338.455867] rcu_sched kthread starved for 80129 jiffies! g75 c74 f0x0 RCU_GP_WAIT_FQS(3) ->state=0x402 ->cpu=0
[  338.491056] rcu_sched       I    0     8      2 0x80000000
[  338.500837] rcu_sched       I    0     8      2 0x80000000
[  338.511778] Call Trace:
[  338.539992] Call Trace:
[  338.574263]  __schedule+0x24e/0x890
[  338.590958]  __schedule+0x24e/0x890
[  338.611199]  schedule+0x2c/0x80
[  338.639829]  schedule+0x2c/0x80
[  338.639834]  schedule_timeout+0x15d/0x370
[  338.639841]  ? __next_timer_interrupt+0xe0/0xe0
[  338.639855]  rcu_gp_kthread+0x53a/0x980
[  338.666852]  schedule_timeout+0x15d/0x370
[  338.686831]  kthread+0x121/0x140
[  338.711192]  ? __next_timer_interrupt+0xe0/0xe0
[  338.736520]  ? rcu_note_context_switch+0x150/0x150
[  338.769335]  rcu_gp_kthread+0x53a/0x980
[  338.791419]  ? kthread_create_worker_on_cpu+0x70/0x70
[  338.817788]  kthread+0x121/0x140
[  338.827554]  ret_from_fork+0x1f/0x40
[  338.838589]  ? rcu_note_context_switch+0x150/0x150
[  340.514250]  ? kthread_create_worker_on_cpu+0x70/0x70
[  340.545032]  ret_from_fork+0x1f/0x40
[  340.560299] NMI backtrace for cpu 1
[  340.579267] CPU: 1 PID: 281 Comm: modprobe Not tainted 4.15.0-212-generic #223-Ubuntu
[  340.609855] Hardware name: innotek GmbH VirtualBox/VirtualBox, BIOS VirtualBox 12/01/2006
[  340.640003] Call Trace:
[  340.652852]  <IRQ>
[  340.661992]  dump_stack+0x6d/0x8b
[  340.667527]  nmi_cpu_backtrace+0x94/0xa0
[  340.673161]  ? lapic_can_unplug_cpu+0xb0/0xb0
[  340.698009]  nmi_trigger_cpumask_backtrace+0xe7/0x130
[  340.719469]  arch_trigger_cpumask_backtrace+0x19/0x20
[  340.742634]  rcu_dump_cpu_stacks+0xa3/0xd5
[  340.756896]  rcu_check_callbacks+0x6cd/0x8e0
[  340.773673]  ? tick_sched_do_timer+0x50/0x50
[  340.788578]  update_process_times+0x2f/0x60
[  340.800324]  tick_sched_handle+0x26/0x70
[  340.812127]  ? tick_sched_do_timer+0x42/0x50
[  340.825001]  tick_sched_timer+0x39/0x80
[  340.841633]  __hrtimer_run_queues+0xdf/0x230
[  340.859621]  hrtimer_interrupt+0x97/0x180
[  340.876167]  smp_apic_timer_interrupt+0x6f/0x140
[  340.895475]  apic_timer_interrupt+0x90/0xa0
[  340.912455]  </IRQ>
[  340.921141] RIP: 0010:__kernel_fpu_end+0x75/0x80
[  340.941384] RSP: 0018:ffffbd6b003d7bb0 EFLAGS: 00010202 ORIG_RAX: ffffffffffffff11
[  340.973069] RAX: 0000000000000000 RBX: 0000000000000010 RCX: ffff9f31f6be4140
[  341.002350] RDX: ffff9f31f696c000 RSI: ffff9f31f6969000 RDI: ffff9f31f6be5500
[  341.028409] RBP: ffffbd6b003d7bc0 R08: ffffffffc03ac680 R09: 0000000000000000
[  341.057659] R10: 0000000000000001 R11: ffffffff8e13a270 R12: ffff9f31f6968000
[  341.085881] R13: ffff9f31f696b000 R14: 0000000000000005 R15: 00000000fffeec68
[  341.111075]  ? vga_set_palette+0x180/0x180
[  341.126523]  ? xor_sse_3_pf64+0x260/0x260 [xor]
[  341.147584]  kernel_fpu_end+0xe/0x10
[  341.161857]  xor_sse_2_pf64+0x199/0x1a0 [xor]
[  341.181189]  do_xor_speed+0x7d/0xc9 [xor]
[  341.199177]  calibrate_xor_blocks+0xc3/0xf37 [xor]
[  341.219868]  ? do_xor_speed+0xc9/0xc9 [xor]
[  341.238779]  do_one_initcall+0x52/0x1b0
[  341.252122]  ? _cond_resched+0x19/0x40
[  341.268692]  ? kmem_cache_alloc_trace+0x167/0x1d0
[  341.288523]  ? do_init_module+0x27/0x1f2
[  341.305192]  do_init_module+0x4f/0x1f2
[  341.319114]  load_module+0x1aa7/0x1fd0
[  341.332336]  ? ima_post_read_file+0x96/0xa0
[  341.349278]  SYSC_finit_module+0xfc/0x120
[  341.364117]  ? SYSC_finit_module+0xfc/0x120
[  341.378285]  SyS_finit_module+0xe/0x10
[  341.393667]  do_syscall_64+0x73/0x130
[  341.409459]  entry_SYSCALL_64_after_hwframe+0x59/0xbe
[  341.429454] RIP: 0033:0x7f47695d5539
[  341.441418] RSP: 002b:00007ffdb1636908 EFLAGS: 00000246 ORIG_RAX: 0000000000000139
[  341.468483] RAX: ffffffffffffffda RBX: 0000557c9b2e4700 RCX: 00007f47695d5539
[  341.497511] RDX: 0000000000000000 RSI: 0000557c99f27cee RDI: 0000000000000005
[  341.519109] RBP: 0000557c99f27cee R08: 0000000000000000 R09: 0000557c9b2e3e00
[  341.542659] R10: 0000000000000005 R11: 0000000000000246 R12: 0000000000000000
[  341.571418] R13: 0000557c9b2eb630 R14: 0000000000060000 R15: 0000557c9b2e3e00
[  341.670406]    prefetch64-sse: -788048.-376 MB/sec
[  341.796316]    generic_sse: 28249.000 MB/sec
[  341.814618] xor: using function: generic_sse (28249.000 MB/sec)
[  341.836119] async_tx: api initialized (async)
done.
Begin: Running /scripts/init-premount ... done.
Begin: Mounting root file system ... Begin: Running /scripts/local-top ... done.
Begin: Running /scripts/local-premount ... [  342.091903] Btrfs loaded, crc32c=crc32c-intel
Scanning for Btrfs filesystems
done.
Warning: fsck not present, so skipping root file system
[  342.349434] EXT4-fs (sda1): mounted filesystem with ordered data mode. Opts: (null)
done.
Begin: Running /scripts/local-bottom ... done.
Begin: Running /scripts/init-bottom ... done.
[  342.937815] ip_tables: (C) 2000-2006 Netfilter Core Team
[  343.005877] systemd[1]: systemd 237 running in system mode. (+PAM +AUDIT +SELINUX +IMA +APPARMOR +SMACK +SYSVINIT +UTMP +LIBCRYPTSETUP +GCRYPT +GNUTLS +ACL +XZ +LZ4 +SECCOMP +BLKID +ELFUTILS +KMOD -IDN2 +IDN -PCRE2 default-hierarchy=hybrid)
[  343.091879] systemd[1]: Detected virtualization oracle.
[  343.109115] systemd[1]: Detected architecture x86-64.

Welcome to [1mUbuntu 18.04.6 LTS[0m!

[  343.220886] systemd[1]: Set hostname to <ubuntu>.
[  343.266950] systemd[1]: Initializing machine ID from random generator.
[  343.296810] systemd[1]: Installed transient /etc/machine-id file.
[  344.311402] systemd[1]: Reached target Swap.
[[0;32m  OK  [0m] Reached target Swap.
[  344.323981] systemd[1]: Set up automount Arbitrary Executable File Formats File System Automount Point.
[[0;32m  OK  [0m] Set up automount Arbitrary Executab…rmats File System Automount Point.
[  344.373778] systemd[1]: Reached target User and Group Name Lookups.
[[0;32m  OK  [0m] Reached target User and Group Name Lookups.
[  344.403913] systemd[1]: Reached target System Time Synchronized.
[[0;32m  OK  [0m] Reached target System Time Synchronized.
[[0;32m  OK  [0m] Started Forward Password Requests to Wall Directory Watch.
[[0;32m  OK  [0m] Created slice User and Session Slice.
[[0;32m  OK  [0m] Created slice System Slice.
[[0;32m  OK  [0m] Listening on Network Service Netlink Socket.
[[0;32m  OK  [0m] Listening on Syslog Socket.
[[0;32m  OK  [0m] Listening on Journal Audit Socket.
[[0;32m  OK  [0m] Listening on udev Control Socket.
[[0;32m  OK  [0m] Listening on Journal Socket.
         Starting Uncomplicated firewall...
[[0;32m  OK  [0m] Listening on LVM2 poll daemon socket.
[[0;32m  OK  [0m] Listening on /dev/initctl Compatibility Named Pipe.
         Starting Create list of required st…ce nodes for the current kernel...
[[0;32m  OK  [0m] Listening on fsck to fsckd communication Socket.
         Starting Load Kernel Modules...
[[0;32m  OK  [0m] Listening on Journal Socket (/dev/log).
[  344.706369] Loading iSCSI transport class v2.0-870.
         Starting Journal Service...
[[0;32m  OK  [0m] Created slice system-serial\x2dgetty.slice.[  344.841738] iscsi: registered transport (tcp)

         Mounting POSIX Message Queue File System...
         Starting Set the console keyboard layout...
         Mounting Kernel Debug File System...
[[0;32m  OK  [0m] Reached target Slices.
[[0;32m  OK  [0m] Listening on udev Kernel Socket.
         Starting udev Coldplug all Devices...
[[0;32m  OK  [0m] Listening on LVM2 metadata daemon socket.
         Starting File System Check on Root Device...
[[0;32m  OK  [0m] Reached target Mounting snaps.
[[0;32m  OK  [0m] Reached target Mounted snaps.
         Mounting Huge Pages File System...
[[0;32m  OK  [0m] Listening on Device-mapper event daemon FIFOs.
         Starting Monitoring of LVM2 mirrors…ng dmeventd or progress polling...
[[0;32m  OK  [0m] Started Journal Service.
[[0;32m  OK  [0m] Started Uncomplicated firewall.
[[0;32m  OK  [0m] Started Create list of required sta…vice nodes for the current kernel.
[  345.269462] iscsi: registered transport (iser)
[[0;32m  OK  [0m] Mounted POSIX Message Queue File System.
[[0;32m  OK  [0m] Started Load Kernel Modules.
[[0;32m  OK  [0m] Mounted Kernel Debug File System.
[[0;32m  OK  [0m] Started File System Check on Root Device.
[[0;32m  OK  [0m] Mounted Huge Pages File System.
[[0;32m  OK  [0m] Started File System Check Daemon to report status.
         Starting Remount Root and Kernel File Systems...
         Mounting Kernel Configuration File System...
         Mounting FUSE Control File System...
         Starting Apply Kernel Variables...
         Starting Create Static Device Nodes in /dev...
[[0;32m  OK  [0m] Mounted Kernel Configuration File System.
[[0;32m  OK  [0m] Mounted FUSE Control File System.
[[0;32m  OK  [0m] Started udev Coldplug all Devices.
[[0;32m  OK  [0m] Started LVM2 metadata daemon.
[[0;32m  OK  [0m] Started Create Static Device Nodes in /dev.
[[0;32m  OK  [0m] Started Remount Root and Kernel File Systems.
         Starting Flush Journal to Persistent Storage...
         Starting udev Kernel Device Manager...
         Starting Load/Save Random Seed...
[[0;32m  OK  [0m] Started Apply Kernel Variables.
[[0;32m  OK  [0m] Started Monitoring of LVM2 mirrors,…sing dmeventd or progress polling.
[[0;32m  OK  [0m] Started Load/Save Random Seed.
[[0;32m  OK  [0m] Started udev Kernel Device Manager.
[[0;32m  OK  [0m] Started Flush Journal to Persistent Storage.
[[0;32m  OK  [0m] Found device /dev/ttyS0.
[[0;32m  OK  [0m] Listening on Load/Save RF Kill Switch Status /dev/rfkill Watch.
[[0;32m  OK  [0m] Started Set the console keyboard layout.
         Mounting Arbitrary Executable File Formats File System...
[[0;32m  OK  [0m] Started Dispatch Password Requests to Console Directory Watch.
[[0;32m  OK  [0m] Reached target Local Encrypted Volumes.
[[0;32m  OK  [0m] Reached target Local File Systems (Pre).
[[0;32m  OK  [0m] Reached target Local File Systems.
         Starting AppArmor initialization...
         Starting ebtables ruleset management...
         Starting Create Volatile Files and Directories...
         Starting Commit a transient machine-id on disk...
         Starting Tell Plymouth To Write Out Runtime Data...
         Starting Set console font and keymap...
[[0;32m  OK  [0m] Mounted Arbitrary Executable File Formats File System.
[[0;32m  OK  [0m] Started Tell Plymouth To Write Out Runtime Data.
[[0;32m  OK  [0m] Started Create Volatile Files and Directories.
         Starting Update UTMP about System Boot/Shutdown...
[[0;32m  OK  [0m] Started Commit a transient machine-id on disk.
[[0;32m  OK  [0m] Started Update UTMP about System Boot/Shutdown.
[[0;32m  OK  [0m] Started ebtables ruleset management.
[[0;32m  OK  [0m] Started AppArmor initialization.
         Starting Initial cloud-init job (pre-networking)...
         Starting Load AppArmor profiles managed internally by snapd...
[[0;32m  OK  [0m] Started Load AppArmor profiles managed internally by snapd.
[[0;32m  OK  [0m] Started Set console font and keymap.
[  355.328540] cloud-init[757]: Cloud-init v. 23.1.2-0ubuntu0~18.04.1 running 'init-local' at Sun, 10 Aug 2025 08:28:31 +0000. Up 354.14 seconds.
[[0;32m  OK  [0m] Started Initial cloud-init job (pre-networking).
[[0;32m  OK  [0m] Reached target Network (Pre).
         Starting Network Service...
[[0;32m  OK  [0m] Started Network Service.
         Starting Wait for Network to be Configured...
         Starting Network Name Resolution...
[[0;32m  OK  [0m] Started Network Name Resolution.
[[0;32m  OK  [0m] Reached target Host and Network Name Lookups.
[[0;32m  OK  [0m] Reached target Network.
[[0;32m  OK  [0m] Started Wait for Network to be Configured.
         Starting Initial cloud-init job (metadata service crawler)...
[  359.755767] cloud-init[914]: Cloud-init v. 23.1.2-0ubuntu0~18.04.1 running 'init' at Sun, 10 Aug 2025 08:28:36 +0000. Up 359.21 seconds.
[  359.781631] cloud-init[914]: ci-info: ++++++++++++++++++++++++++++++++++++++Net device info++++++++++++++++++++++++++++++++++++++
[  359.794050] cloud-init[914]: ci-info: +--------+------+----------------------------+---------------+--------+-------------------+
[  359.810297] cloud-init[914]: ci-info: | Device |  Up  |          Address           |      Mask     | Scope  |     Hw-Address    |
[  359.825146] cloud-init[914]: ci-info: +--------+------+----------------------------+---------------+--------+-------------------+
[  359.839718] cloud-init[914]: ci-info: | enp0s3 | True |         10.0.2.15          | 255.255.255.0 | global | 02:3b:7b:b7:3b:2d |
[  359.857823] cloud-init[914]: ci-info: | enp0s3 | True | fd00::3b:7bff:feb7:3b2d/64 |       .       | global | 02:3b:7b:b7:3b:2d |
[  359.877072] cloud-init[914]: ci-info: | enp0s3 | True | fe80::3b:7bff:feb7:3b2d/64 |       .       |  link  | 02:3b:7b:b7:3b:2d |
[  359.901868] cloud-init[914]: ci-info: |   lo   | True |         127.0.0.1          |   255.0.0.0   |  host  |         .         |
[  359.927007] cloud-init[914]: ci-info: |   lo   | True |          ::1/128           |       .       |  host  |         .         |
[  359.954231] cloud-init[914]: ci-info: +--------+------+----------------------------+---------------+--------+-------------------+
[  359.985698] cloud-init[914]: ci-info: ++++++++++++++++++++++++++++Route IPv4 info+++++++++++++++++++++++++++++
[  360.019765] cloud-init[914]: ci-info: +-------+-------------+----------+-----------------+-----------+-------+
[  360.044067] cloud-init[914]: ci-info: | Route | Destination | Gateway  |     Genmask     | Interface | Flags |
[  360.066951] cloud-init[914]: ci-info: +-------+-------------+----------+-----------------+-----------+-------+
[  360.096326] cloud-init[914]: ci-info: |   0   |   0.0.0.0   | 10.0.2.2 |     0.0.0.0     |   enp0s3  |   UG  |
[  360.119856] cloud-init[914]: ci-info: |   1   |   10.0.2.0  | 0.0.0.0  |  255.255.255.0  |   enp0s3  |   U   |
[  360.146073] cloud-init[914]: ci-info: |   2   |   10.0.2.2  | 0.0.0.0  | 255.255.255.255 |   enp0s3  |   UH  |
[  360.170252] cloud-init[914]: ci-info: +-------+-------------+----------+-----------------+-----------+-------+
[  360.177987] cloud-init[914]: ci-info: +++++++++++++++++++Route IPv6 info+++++++++++++++++++
[  360.186103] cloud-init[914]: ci-info: +-------+-------------+---------+-----------+-------+
[  360.193326] cloud-init[914]: ci-info: | Route | Destination | Gateway | Interface | Flags |
[  360.200196] cloud-init[914]: ci-info: +-------+-------------+---------+-----------+-------+
[  360.205351] cloud-init[914]: ci-info: |   1   |  fd00::/64  |    ::   |   enp0s3  |   U   |
[  360.218430] cloud-init[914]: ci-info: |   2   |  fe80::/64  |    ::   |   enp0s3  |   U   |
[  360.235232] cloud-init[914]: ci-info: |   3   |     ::/0    | fe80::2 |   enp0s3  |   UG  |
[  360.251617] cloud-init[914]: ci-info: |   5   |    local    |    ::   |   enp0s3  |   U   |
[  360.266792] cloud-init[914]: ci-info: |   6   |   ff00::/8  |    ::   |   enp0s3  |   U   |
[  360.283734] cloud-init[914]: ci-info: +-------+-------------+---------+-----------+-------+
[  362.578845] cloud-init[914]: Generating public/private rsa key pair.
[  362.599062] cloud-init[914]: Your identification has been saved in /etc/ssh/ssh_host_rsa_key.
[  362.619410] cloud-init[914]: Your public key has been saved in /etc/ssh/ssh_host_rsa_key.pub.
[  362.642001] cloud-init[914]: The key fingerprint is:
[  362.665236] cloud-init[914]: SHA256:KkIKM0wiTi2H8StuwMNhnpEok8v/fICF2M6gVy/DXok root@ubuntu-bionic
[  362.684087] cloud-init[914]: The key's randomart image is:
[  362.701287] cloud-init[914]: +---[RSA 2048]----+
[[0;32m  OK  [0m] Started Initial cloud-init job (metadata service crawler).
[  362.725364] [[0;32m  OK  [0m] Reached target Network is Online.
cloud-init         Starting Availability of block devices...
[[0;32m  OK  [0m] Reached target Remote File Systems (Pre).
[914]: [[0;32m  OK  [0m] Reached target Remote File Systems.
[[0;32m  OK  [0m] Reached target System Initialization.
[[0;32m  OK  [0m] Listening on Open-iSCSI iscsid Socket.
[[0;32m  OK  [0m] Listening on UUID daemon activation socket.
[[0;32m  OK  [0m] Started Discard unused blocks once a week.
| .               |         Starting LXD - unix socket.
[  362.827303] cloud-init
[[0;32m  OK  [0m] Listening on ACPID Listen Socket.
[[0;32m  OK  [0m] Started Ubuntu Advantage Timer for running repeated jobs.
[914]: [[0;32m  OK  [0m|..*              |] Started ACPI Events Check.

[[0;32m  OK  [0m] Reached target Paths.
[[0;32m  OK  [0m] Started Daily Cleanup of Temporary Directories.[  362.896962] 
cloud-init[914]: |BXo+.            |         Starting Socket activation for snappy daemon.

[  362.938815] [[0;32m  OK  [0mcloud-init[914]: ] Started Daily apt download activities.
|#=*oo.           |[[0;32m  OK  [0m] Started Daily apt upgrade and clean activities.
[[0;32m  OK  [0m] Started Message of the Day.
[[0;32m  OK  [0m] Reached target Timers.
[[0;32m  OK  [0m] Listening on cloud-init hotplug hook socket.
[[0;32m  OK  [0m] Listening on D-Bus System Message Bus Socket.
[[0;32m  OK  [0m] Reached target Cloud-config availability.
[[0;32m  OK  [0m] Started Availability of block devices.
[[0;32m  OK  [0m] Listening on LXD - unix socket.
[[0;32m  OK  [0m] Listening on Socket activation for snappy daemon.
[[0;32m  OK  [0m] Reached target Sockets.
[[0;32m  OK  [0m] Reached target Basic System.
         Starting LSB: automatic crash report generation...
[[0;32m  OK  [0m] Started Regular background program processing daemon.

         [  363.065294] Starting Login Service...
cloud-init[914]: |B@=+oo .S        |[[0;32m  OK  [0m] 
[  363.112179] Started D-Bus System Message Bus.
cloud-init[914]: |===+E.+.         |
[  363.165119] cloud-init[914]: |.+.o.+o          |
[  363.202176] cloud-init[914]: |.  .+. .         |
[  363.244145] cloud-init[914]: |     o.          |
[  363.268848] cloud-init[914]: +----[SHA256]-----+
[  363.295555] cloud-init[914]: Generating public/private dsa key pair.
         Starting LSB: Record successful boot for GRUB...
[  363.342510] cloud-init[914]: Your identification has been saved in /etc/ssh/ssh_host_dsa_key.         Starting Snap Daemon...
         Starting System Logging Service...

[  363.391472] cloud-init[914]: Your public key has been saved in /etc/ssh/ssh_host_dsa_key.pub.
[  363.431923] cloud-init[914]: The key fingerprint is:
[  363.441121] cloud-init[914]: SHA256:Fj0jVZ5Anvb/orFIVNQltPkEJJSlUDyzMFmCrHBCSiw root@ubuntu-bionic
[  363.463047] cloud-init[914]: The key's randomart image is:
[  363.471890] cloud-init[914]: +---[DSA 1024]----+
[  363.489965] cloud-init[914]: | ....  . o*BB**..|         Starting Dispatcher daemon for systemd-networkd...

[  363.518060] cloud-init         Starting Accounts Service...
[914]: |E...o . o++B=+.= |         Starting Pollinate to seed the pseudo random number generator...

[[0;32m  OK  [0m] [  363.583725] Started irqbalance daemon.
cloud-init[914]: [[0;32m  OK  [0m] Reached target Login Prompts (Pre).
| ..  + .o Bo=+o .|         Starting Permit User Sessions...

         Starting Virtualbox guest utils...
[  363.690210] [[0;32m  OK  [0m] Started FUSE filesystem for LXC.cloud-init
[914]: [[0;32m  OK  [0m] Started Deferred execution scheduler.
|      .  + =.  o |         Starting LXD - container startup/shutdown...

[  363.773788] cloud-init[914]: |        S . .   .|
[  363.874762] cloud-init[914]: |       . .   .   |[[0;32m  OK  [0m] Started Permit User Sessions.
[[0;32m  OK  [0m] Started Login Service.
[[0;32m  OK  [0m] Started Unattended Upgrades Shutdown.

[  363.965919]          Starting Terminate Plymouth Boot Screen...
cloud-init[914]: |          . . .  |
[  364.030789]          Starting Hold until boot process finishes up...
cloud-init[914]: |         . . o.. |         Starting Hostname Service...

[  364.099515] [[0;32m  OK  [0m] Started Terminate Plymouth Boot Screen.
cloud-init[914]: |          . o. ..|
[  364.154299] [[0;32m  OK  [0mcloud-init[914]: ] Started Hold until boot process finishes up.
+----[SHA256]-----+         Starting Set console scheme...

[[0;32m  OK  [0m] Started Serial Getty on ttyS0.
[  364.282031] [[0;32m  OK  [0m] Started System Logging Service.
cloud-init[914]: Generating public/private ecdsa key pair.[[0;32m  OK  [0m] Started LSB: automatic crash report generation.

[  364.448267] cloud-init[[0;32m  OK  [0m[914]: ] Started LSB: Record successful boot for GRUB.
Your identification has been saved in /etc/ssh/ssh_host_ecdsa_key.
[  364.590869]          Starting Authorization Manager...
cloud-init[914]: Your public key has been saved in /etc/ssh/ssh_host_ecdsa_key.pub.
[  364.704340] cloud-init[914]: The key fingerprint is:
[  364.791360] cloud-init[914]: SHA256:Z3BNBs5uK2gkRqM8a8Ukta5H9gX0IXalRAa3O0BeMj4 root@ubuntu-bionic
[  364.797172] cloud-init[914]: The key's randomart image is:
[  364.800347] cloud-init[914]: +---[ECDSA 256]---+
[  364.807078] cloud-init[914]: |    . OoO.o.o    |
[  364.842215] [[0;32m  OK  [0m] Started Set console scheme.cloud-init
[[0;32m  OK  [0m] Started Hostname Service.
[[0;32m  OK  [0m[914]: |   . B @ * +     |] Created slice system-getty.slice.
[[0;32m  OK  [0m
[  364.952363] ] Started Getty on tty1.
cloud-init[[0;32m  OK  [0m] [914]: Reached target Login Prompts.|  . = E = + .    |

[  365.022317] cloud-init[914]: | . B . + =       |
[[0;32m  OK  [0m] Started Authorization Manager.
[  365.079891] cloud-init[914]: |  + O . S =      |
[  365.156219] cloud-init[914]: |   O + o = .     |
[  365.261447] cloud-init[914]: |  + . + . .      |
[  365.319317] cloud-init[914]: | . . .   .       |
[  365.376076] cloud-init[914]: |                 |[[0;32m  OK  [0m] Started Accounts Service.

[  365.493411] cloud-init[914]: +----[SHA256]-----+
[  365.517097] cloud-init[914]: Generating public/private ed25519 key pair.
[  365.538508] cloud-init[914]: Your identification has been saved in /etc/ssh/ssh_host_ed25519_key.
[  365.543511] cloud-init[914]: Your public key has been saved in /etc/ssh/ssh_host_ed25519_key.pub.
[  365.550426] cloud-init[914]: The key fingerprint is:
[  365.561828] cloud-init[914]: SHA256:QwUXv43DYcX9VNJwDZOnnOoio3Ck0jKCjt6oF34sUqY root@ubuntu-bionic
[  365.567288] cloud-init[914]: The key's randomart image is:
[  365.579719] cloud-init[914]: +--[ED25519 256]--+
[  365.598423] cloud-init[914]: |        ..+. .**=|
[  365.609116] cloud-init[914]: |         o . .o+*|
[  365.622019] cloud-init[914]: |        .   +. =.|
[  365.633754] cloud-init[914]: |       .   o =+ .|
[  365.647500] cloud-init[914]: |      . S   =..  |
[  365.654792] cloud-init[914]: |. +. o   .  ..   |
[  365.671936] cloud-init[914]: |o=+o+ .    .     |
[  365.702702] cloud-init[914]: |E.*+oo  o . .    |[[0;32m  OK  [0m] Started Virtualbox guest utils.

[  365.774619] cloud-init[914]: |=* +  .. o .     |
[  365.832574] cloud-init[914]: +----[SHA256]-----+
[[0;32m  OK  [0m] Started Dispatcher daemon for systemd-networkd.
[[0;32m  OK  [0m] Started LXD - container startup/shutdown.
[[0;32m  OK  [0m] Started Snap Daemon.
         Starting Wait until snapd is fully seeded...
[[0;32m  OK  [0m] Started Pollinate to seed the pseudo random number generator.
         Starting OpenBSD Secure Shell server...
[[0;32m  OK  [0m] Started OpenBSD Secure Shell server.
[[0;32m  OK  [0m] Created slice User Slice of vagrant.
[[0;32m  OK  [0m] Started Session 1 of user vagrant.
         Starting User Manager for UID 1000...
[[0;32m  OK  [0m] Started User Manager for UID 1000.

Ubuntu 18.04.6 LTS ubuntu-bionic ttyS0

ubuntu-bionic login: [  380.441258] cloud-init[1477]: Cloud-init v. 23.1.2-0ubuntu0~18.04.1 running 'modules:config' at Sun, 10 Aug 2025 08:28:55 +0000. Up 378.07 seconds.
ci-info: no authorized SSH keys fingerprints found for user ubuntu.
<14>Aug 10 08:29:00 cloud-init: #############################################################
<14>Aug 10 08:29:00 cloud-init: -----BEGIN SSH HOST KEY FINGERPRINTS-----
<14>Aug 10 08:29:00 cloud-init: 1024 SHA256:Fj0jVZ5Anvb/orFIVNQltPkEJJSlUDyzMFmCrHBCSiw root@ubuntu-bionic (DSA)
<14>Aug 10 08:29:00 cloud-init: 256 SHA256:Z3BNBs5uK2gkRqM8a8Ukta5H9gX0IXalRAa3O0BeMj4 root@ubuntu-bionic (ECDSA)
<14>Aug 10 08:29:00 cloud-init: 256 SHA256:QwUXv43DYcX9VNJwDZOnnOoio3Ck0jKCjt6oF34sUqY root@ubuntu-bionic (ED25519)
<14>Aug 10 08:29:00 cloud-init: 2048 SHA256:KkIKM0wiTi2H8StuwMNhnpEok8v/fICF2M6gVy/DXok root@ubuntu-bionic (RSA)
<14>Aug 10 08:29:00 cloud-init: -----END SSH HOST KEY FINGERPRINTS-----
<14>Aug 10 08:29:00 cloud-init: #############################################################
-----BEGIN SSH HOST KEY KEYS-----
ecdsa-sha2-nistp256 AAAAE2VjZHNhLXNoYTItbmlzdHAyNTYAAAAIbmlzdHAyNTYAAABBBKxMLJnzOmIy/NXBfPmGR8cAG95PVVCK+98iqhpECnnXbZO6YYBjmmruv7nfhQSz86Ww3wBV10myvOnntL8nPWo= root@ubuntu-bionic
ssh-ed25519 AAAAC3NzaC1lZDI1NTE5AAAAIP4bw6kPU7wwjjZO5vzxYoA8dbToHdRLk8yWVt+WJ1aa root@ubuntu-bionic
ssh-rsa AAAAB3NzaC1yc2EAAAADAQABAAABAQC4IgmYOMGn+kKwq0TEXdbLcmo67oYusn+z5IVMxRLPbUtAmVPyeWzbfQssLU+ZhOj+64RBR6MKaswiRFz7XvGPYdrzQGOe/gj0DmifPzRcgRONP1jMJPdZGVS9IYqZKIj4tBwjiT9e+oQVGTK/tz4lyk8zAAryEL59WpNipMjm2BAyJu8hltrcPSsC5+fFhBWbPFCOHE34gEl6PAzLhY3cr3IV5JHm0sEVSXOSWlHFZXl1hiBq8Vwx26XNw05nATSg4h1ELQZeCIBYElskr6cWLsQsnz4Oe/kd4Ga8yeERxmGulgiWLPoYjORA5YMUDqZT0qCyWO2FjtQ9VFh+8Qef root@ubuntu-bionic
-----END SSH HOST KEY KEYS-----
[  383.755517] cloud-init[1620]: Cloud-init v. 23.1.2-0ubuntu0~18.04.1 running 'modules:final' at Sun, 10 Aug 2025 08:28:59 +0000. Up 382.65 seconds.
[  383.756285] cloud-init[1620]: Cloud-init v. 23.1.2-0ubuntu0~18.04.1 finished at Sun, 10 Aug 2025 08:29:00 +0000. Datasource DataSourceNoCloud [seed=/dev/sdb][dsmode=net].  Up 383.57 seconds
